c:\users\fxpw\source\repos\fxpw\addonupdatercode\patchcreator\release\vc143.pdb
c:\users\fxpw\source\repos\fxpw\addonupdatercode\patchcreator\release\dllmain.obj
c:\users\fxpw\source\repos\fxpw\addonupdatercode\release\patchcreator.lib
c:\users\fxpw\source\repos\fxpw\addonupdatercode\release\patchcreator.exp
c:\users\fxpw\source\repos\fxpw\addonupdatercode\release\addonupdater\bin\release\patchcreator.lib
c:\users\fxpw\source\repos\fxpw\addonupdatercode\release\addonupdater\bin\release\patchcreator.exp
c:\users\fxpw\source\repos\fxpw\addonupdatercode\release\addonupdater\addonupdater\bin\release\patchcreator.lib
c:\users\fxpw\source\repos\fxpw\addonupdatercode\release\addonupdater\addonupdater\bin\release\patchcreator.exp
c:\users\fxpw\source\repos\fxpw\addonupdatercode\addonupdater\addonupdater\bin\release\patchcreator.lib
c:\users\fxpw\source\repos\fxpw\addonupdatercode\addonupdater\addonupdater\bin\release\patchcreator.exp
c:\users\fxpw\source\repos\fxpw\addonupdatercode\addonupdater\bin\release\patchcreator.lib
c:\users\fxpw\source\repos\fxpw\addonupdatercode\addonupdater\bin\release\patchcreator.exp
c:\users\fxpw\source\repos\fxpw\addonupdatercode\addonupdater\bin\release\patchcreator.dll
c:\users\fxpw\source\repos\fxpw\addonupdatercode\patchcreator\release\patchcreator.iobj
c:\users\fxpw\source\repos\fxpw\addonupdatercode\addonupdater\bin\release\patchcreator.pdb
c:\users\fxpw\source\repos\fxpw\addonupdatercode\patchcreator\release\patchcreator.ipdb
c:\users\fxpw\source\repos\fxpw\addonupdatercode\patchcreator\release\patchcreator.tlog\cl.command.1.tlog
c:\users\fxpw\source\repos\fxpw\addonupdatercode\patchcreator\release\patchcreator.tlog\cl.read.1.tlog
c:\users\fxpw\source\repos\fxpw\addonupdatercode\patchcreator\release\patchcreator.tlog\cl.write.1.tlog
c:\users\fxpw\source\repos\fxpw\addonupdatercode\patchcreator\release\patchcreator.tlog\link.command.1.tlog
c:\users\fxpw\source\repos\fxpw\addonupdatercode\patchcreator\release\patchcreator.tlog\link.read.1.tlog
c:\users\fxpw\source\repos\fxpw\addonupdatercode\patchcreator\release\patchcreator.tlog\link.write.1.tlog
c:\users\fxpw\source\repos\fxpw\addonupdatercode\patchcreator\release\patchcreator.tlog\link.write.2u.tlog
